mode: set
weather-service/internal/weather/client.go:22.26,24.2 1 1
weather-service/internal/weather/client.go:26.74,28.2 1 1
weather-service/internal/weather/client.go:30.47,31.63 1 1
weather-service/internal/weather/client.go:31.63,33.3 1 1
weather-service/internal/weather/client.go:34.2,34.11 1 1
weather-service/internal/weather/client.go:37.89,39.33 1 1
weather-service/internal/weather/client.go:39.33,41.3 1 1
weather-service/internal/weather/client.go:44.2,44.43 1 1
weather-service/internal/weather/client.go:44.43,47.3 2 1
weather-service/internal/weather/client.go:49.2,51.19 3 1
weather-service/cmd/server/main.go:25.13,33.15 6 0
weather-service/cmd/server/main.go:33.15,34.41 1 0
weather-service/cmd/server/main.go:34.41,36.4 1 0
weather-service/cmd/server/main.go:40.2,46.78 3 0
weather-service/cmd/server/main.go:46.78,47.30 1 0
weather-service/cmd/server/main.go:47.30,49.68 2 0
weather-service/cmd/server/main.go:49.68,51.5 1 0
weather-service/cmd/server/main.go:52.4,52.10 1 0
weather-service/cmd/server/main.go:56.3,56.65 1 0
weather-service/cmd/server/main.go:56.65,59.4 2 0
weather-service/cmd/server/main.go:62.3,62.65 1 0
weather-service/cmd/server/main.go:62.65,65.4 2 0
weather-service/cmd/server/main.go:67.3,67.49 1 0
weather-service/cmd/server/main.go:67.49,70.18 3 0
weather-service/cmd/server/main.go:70.18,74.5 3 0
weather-service/cmd/server/main.go:75.4,76.58 2 0
weather-service/cmd/server/main.go:76.58,79.5 2 0
weather-service/cmd/server/main.go:80.4,80.10 1 0
weather-service/cmd/server/main.go:83.3,83.22 1 0
weather-service/cmd/server/main.go:87.2,94.62 6 0
weather-service/cmd/server/main.go:94.62,96.3 1 0
weather-service/cmd/server/main.go:99.78,100.6 1 0
weather-service/cmd/server/main.go:100.6,101.10 1 0
weather-service/cmd/server/main.go:102.21,103.10 1 0
weather-service/cmd/server/main.go:104.11,106.18 2 0
weather-service/cmd/server/main.go:106.18,109.13 3 0
weather-service/cmd/server/main.go:111.4,111.18 1 0
weather-service/cmd/server/main.go:111.18,112.13 1 0
weather-service/cmd/server/main.go:116.4,117.17 2 0
weather-service/cmd/server/main.go:117.17,119.5 1 0
weather-service/cmd/server/main.go:121.4,122.18 2 0
weather-service/cmd/server/main.go:122.18,125.5 2 0
weather-service/cmd/server/main.go:125.10,127.5 1 0
weather-service/cmd/server/main.go:132.66,135.6 3 0
weather-service/cmd/server/main.go:135.6,136.10 1 0
weather-service/cmd/server/main.go:137.21,138.10 1 0
weather-service/cmd/server/main.go:139.19,141.18 2 0
weather-service/cmd/server/main.go:141.18,143.13 2 0
weather-service/cmd/server/main.go:145.4,145.35 1 0
weather-service/cmd/server/main.go:150.79,152.20 2 0
weather-service/cmd/server/main.go:152.20,154.3 1 0
weather-service/cmd/server/main.go:155.2,156.33 2 0
weather-service/cmd/server/main.go:156.33,158.3 1 0
weather-service/cmd/server/main.go:159.2,162.29 3 0
weather-service/cmd/server/main.go:162.29,164.3 1 0
weather-service/cmd/server/main.go:166.2,167.16 2 0
weather-service/cmd/server/main.go:167.16,170.3 2 0
weather-service/cmd/server/main.go:172.2,177.17 2 0
weather-service/cmd/server/main.go:177.17,179.3 1 0
weather-service/cmd/server/main.go:182.80,184.16 2 0
weather-service/cmd/server/main.go:184.16,187.3 2 0
weather-service/cmd/server/main.go:188.2,192.17 2 0
weather-service/cmd/server/main.go:192.17,194.3 1 0
weather-service/cmd/server/main.go:197.52,198.71 1 1
weather-service/cmd/server/main.go:198.71,204.85 4 1
weather-service/cmd/server/main.go:204.85,206.4 1 1
weather-service/cmd/server/main.go:208.3,220.43 7 1
weather-service/cmd/server/main.go:220.43,222.4 1 1
weather-service/cmd/server/main.go:222.9,222.48 1 1
weather-service/cmd/server/main.go:222.48,224.4 1 0
weather-service/cmd/server/main.go:226.3,229.146 3 1
weather-service/cmd/server/main.go:239.50,242.2 2 1
weather-service/internal/config/config.go:17.21,25.2 1 0
weather-service/internal/config/config.go:27.42,28.40 1 0
weather-service/internal/config/config.go:28.40,30.3 1 0
weather-service/internal/config/config.go:31.2,31.17 1 0
weather-service/internal/queue/redis.go:28.26,40.2 4 0
weather-service/internal/queue/redis.go:43.60,45.16 2 0
weather-service/internal/queue/redis.go:45.16,47.3 1 0
weather-service/internal/queue/redis.go:48.2,48.45 1 0
weather-service/internal/queue/redis.go:52.74,53.20 1 0
weather-service/internal/queue/redis.go:53.20,55.3 1 0
weather-service/internal/queue/redis.go:56.2,57.27 2 0
weather-service/internal/queue/redis.go:57.27,59.17 2 0
weather-service/internal/queue/redis.go:59.17,61.4 1 0
weather-service/internal/queue/redis.go:62.3,62.17 1 0
weather-service/internal/queue/redis.go:64.2,65.16 2 0
weather-service/internal/queue/redis.go:65.16,67.3 1 0
weather-service/internal/queue/redis.go:68.2,68.23 1 0
weather-service/internal/queue/redis.go:72.57,74.16 2 0
weather-service/internal/queue/redis.go:74.16,76.3 1 0
weather-service/internal/queue/redis.go:77.2,77.18 1 0
weather-service/internal/queue/redis.go:77.18,79.3 1 0
weather-service/internal/queue/redis.go:80.2,81.61 2 0
weather-service/internal/queue/redis.go:81.61,84.3 2 0
weather-service/internal/queue/redis.go:85.2,85.18 1 0
weather-service/internal/queue/redis.go:89.58,91.2 1 0
weather-service/internal/queue/redis.go:94.32,96.2 1 0
weather-service/internal/queue/redis.go:98.42,99.34 1 0
weather-service/internal/queue/redis.go:99.34,101.3 1 0
weather-service/internal/queue/redis.go:102.2,102.17 1 0
